<?xml version="1.0" encoding="UTF-8"?>
<!-- Generated by org.testng.reporters.JUnitReportReporter -->
<testsuite hostname="LTIN194927" failures="0" tests="1" name="testCase.TC_002_CollectionItems" time="2.977" errors="0" timestamp="2024-02-29T16:01:48 IST" skipped="0">
  <testcase classname="testCase.TC_002_CollectionItems" name="RetriveAllItems" time="2.977"/>
  <system-out/>
</testsuite> <!-- testCase.TC_002_CollectionItems -->
